2015-03-12 14:13:06,039 ERROR [default] Nie udało sie wczytać pliku bytu "npc.xml".
2015-03-12 14:13:06,039 ERROR [default] Nie udało sie wczytać pliku bytu "player.xml".
2015-03-12 14:13:06,074 INFO  [default] Wczytano poprawnie plik "r.tmx".
2015-03-12 14:13:06,074 INFO  [default] Szerokość mapy:25 Wysokość mapy:25 Szerokość kafla:32 Wysokość kafla:32 Pierwsze ID:1
2015-03-12 14:13:06,224 INFO  [default] [loadTiles]Kafle załadowane poprawnie
2015-03-12 14:13:06,225 ERROR [default] Nie udało sie wczytać pliku NPC zenek.xml 
2015-03-12 14:13:06,225 ERROR [default] Nie udało sie wczytać pliku NPC zenek.xml 
2015-03-12 14:13:06,225 INFO  [default] Obiekty załadowane
2015-03-12 14:13:06,225 DEBUG [default] Załadowano mape, czas wykonania: 0.185987
2015-03-12 14:13:06,235 ERROR [default] Załadowano dane7 itemów.
2015-03-12 14:13:06,236 FATAL [default] CRASH HANDLED; Application has crashed due to [SIGSEGV] signal
2015-03-12 14:13:06,236 WARN  [default] Aborting application. Reason: Fatal log at [/home/b30/codes/git/Resources/easylogging++.h:5583]
2015-03-12 14:41:14,958 ERROR [default] Nie udało sie wczytać pliku bytu "npc.xml".
2015-03-12 14:41:14,958 ERROR [default] Nie udało sie wczytać pliku bytu "player.xml".
2015-03-12 14:41:14,963 INFO  [default] Wczytano poprawnie plik "r.tmx".
2015-03-12 14:41:14,964 INFO  [default] Szerokość mapy:25 Wysokość mapy:25 Szerokość kafla:32 Wysokość kafla:32 Pierwsze ID:1
2015-03-12 14:41:15,073 INFO  [default] [loadTiles]Kafle załadowane poprawnie
2015-03-12 14:41:15,074 ERROR [default] Nie udało sie wczytać pliku NPC zenek.xml 
2015-03-12 14:41:15,074 ERROR [default] Nie udało sie wczytać pliku NPC zenek.xml 
2015-03-12 14:41:15,074 INFO  [default] Obiekty załadowane
2015-03-12 14:41:15,074 DEBUG [default] Załadowano mape, czas wykonania: 0.115132
2015-03-12 14:41:15,074 ERROR [default] Załadowano dane7 itemów.
2015-03-12 14:41:15,075 FATAL [default] CRASH HANDLED; Application has crashed due to [SIGSEGV] signal
2015-03-12 14:41:15,075 WARN  [default] Aborting application. Reason: Fatal log at [/home/b30/codes/git/Resources/easylogging++.h:5583]
2015-03-14 14:58:08,185 ERROR [default] Brak atrybutu action w pliku "npc.xml"
2015-03-14 14:58:08,186 ERROR [default] Nie udało sie wczytać pliku bytu "player.xml".
2015-03-14 14:58:08,201 INFO  [default] Wczytano poprawnie plik "r.tmx".
2015-03-14 14:58:08,201 INFO  [default] Szerokość mapy:25 Wysokość mapy:25 Szerokość kafla:32 Wysokość kafla:32 Pierwsze ID:1
2015-03-14 14:58:08,320 INFO  [default] [loadTiles]Kafle załadowane poprawnie
2015-03-14 14:58:08,320 ERROR [default] Nie udało sie wczytać pliku NPC zenek.xml 
2015-03-14 14:58:08,320 ERROR [default] Nie udało sie wczytać pliku NPC zenek.xml 
2015-03-14 14:58:08,320 INFO  [default] Obiekty załadowane
2015-03-14 14:58:08,320 DEBUG [default] Załadowano mape, czas wykonania: 0.134258
2015-03-14 14:58:08,328 ERROR [default] Załadowano dane7 itemów.
2015-03-14 14:58:08,330 FATAL [default] CRASH HANDLED; Application has crashed due to [SIGSEGV] signal
2015-03-14 14:58:08,330 WARN  [default] Aborting application. Reason: Fatal log at [/home/b30/codes/git/Resources/easylogging++.h:5583]
